#
# There is insufficient memory for the Java Runtime Environment to continue.
# Native memory allocation (malloc) failed to allocate 1692816 bytes. Error detail: Chunk::new
# Possible reasons:
#   The system is out of physical RAM or swap space
#   This process is running with CompressedOops enabled, and the Java Heap may be blocking the growth of the native heap
# Possible solutions:
#   Reduce memory load on the system
#   Increase physical memory or swap space
#   Check if swap backing store is full
#   Decrease Java heap size (-Xmx/-Xms)
#   Decrease number of Java threads
#   Decrease Java thread stack sizes (-Xss)
#   Set larger code cache with -XX:ReservedCodeCacheSize=
#   JVM is running with Unscaled Compressed Oops mode in which the Java heap is
#     placed in the first 4GB address space. The Java Heap base address is the
#     maximum limit for the native heap growth. Please use -XX:HeapBaseMinAddress
#     to set the Java Heap base and to place the Java Heap above 4GB virtual address.
# This output file may be truncated or incomplete.
#
#  Out of Memory Error (arena.cpp:168), pid=23660, tid=26832
#
# JRE version: OpenJDK Runtime Environment Temurin-21.0.6+7 (21.0.6+7) (build 21.0.6+7-LTS)
# Java VM: OpenJDK 64-Bit Server VM Temurin-21.0.6+7 (21.0.6+7-LTS, mixed mode, sharing, tiered, compressed oops, compressed class ptrs, parallel gc, windows-amd64)
# No core dump will be written. Minidumps are not enabled by default on client versions of Windows
#

---------------  S U M M A R Y ------------

Command Line: --add-modules=ALL-SYSTEM --add-opens=java.base/java.util=ALL-UNNAMED --add-opens=java.base/java.lang=ALL-UNNAMED --add-opens=java.base/sun.nio.fs=ALL-UNNAMED -Declipse.application=org.eclipse.jdt.ls.core.id1 -Dosgi.bundles.defaultStartLevel=4 -Declipse.product=org.eclipse.jdt.ls.core.product -Djava.import.generatesMetadataFilesAtProjectRoot=false -DDetectVMInstallationsJob.disabled=true -Dfile.encoding=utf8 -XX:+UseParallelGC -XX:GCTimeRatio=4 -XX:AdaptiveSizePolicyWeight=90 -Dsun.zip.disableMemoryMapping=true -Xmx1G -Xms100m -Xlog:disable -javaagent:c:\Users\BHUMI GUPTA\.vscode\extensions\redhat.java-1.41.1-win32-x64\lombok\lombok-1.18.36.jar -XX:+HeapDumpOnOutOfMemoryError -XX:HeapDumpPath=c:\Users\BHUMI GUPTA\AppData\Roaming\Code\User\workspaceStorage\ac1b3c9632280a6b8ca24b00c053dbed\redhat.java -Daether.dependencyCollector.impl=bf c:\Users\BHUMI GUPTA\.vscode\extensions\redhat.java-1.41.1-win32-x64\server\plugins\org.eclipse.equinox.launcher_1.7.0.v20250331-1702.jar -configuration c:\Users\BHUMI GUPTA\AppData\Roaming\Code\User\globalStorage\redhat.java\1.41.1\config_win -data c:\Users\BHUMI GUPTA\AppData\Roaming\Code\User\workspaceStorage\ac1b3c9632280a6b8ca24b00c053dbed\redhat.java\jdt_ws --pipe=\\.\pipe\lsp-d350bc62e6edc6a84799a0f8e6263a08-sock

Host: AMD Ryzen 5 5500U with Radeon Graphics         , 12 cores, 9G,  Windows 11 , 64 bit Build 22621 (10.0.22621.5124)
Time: Fri Apr 25 13:15:29 2025 India Standard Time elapsed time: 8666.605661 seconds (0d 2h 24m 26s)

---------------  T H R E A D  ---------------

Current thread (0x0000013136753380):  JavaThread "C2 CompilerThread0" daemon [_thread_in_native, id=26832, stack(0x0000001ef3700000,0x0000001ef3800000) (1024K)]


Current CompileTask:
C2:8666609 15284       4       org.eclipse.jdt.internal.compiler.parser.Parser::consumeRule (7755 bytes)

Stack: [0x0000001ef3700000,0x0000001ef3800000]
Native frames: (J=compiled Java code, j=interpreted, Vv=VM code, C=native code)
V  [jvm.dll+0x6cdee9]
V  [jvm.dll+0x8a83d1]
V  [jvm.dll+0x8aa8fe]
V  [jvm.dll+0x8aafe3]
V  [jvm.dll+0x27f706]
V  [jvm.dll+0xc500d]
V  [jvm.dll+0xc5543]
V  [jvm.dll+0x3b6752]
V  [jvm.dll+0x382935]
V  [jvm.dll+0x381d9a]
V  [jvm.dll+0x2479f0]
V  [jvm.dll+0x246fcf]
V  [jvm.dll+0x1c75ee]
V  [jvm.dll+0x25685a]
V  [jvm.dll+0x254dfa]
V  [jvm.dll+0x3f0256]
V  [jvm.dll+0x851f8b]
V  [jvm.dll+0x6cc5ed]
C  [ucrtbase.dll+0x29333]
C  [KERNEL32.DLL+0x1259d]
C  [ntdll.dll+0x5af38]


---------------  P R O C E S S  ---------------

Threads class SMR info:
_java_thread_list=0x00000131935372b0, length=64, elements={
0x00000131366a4d70, 0x00000131367443c0, 0x000001314aa8d630, 0x0000013136746d30,
0x0000013136747c40, 0x000001313674baf0, 0x000001313674f050, 0x0000013136753380,
0x0000013136757ed0, 0x0000013136713f00, 0x000001318d2dcc00, 0x0000013192734680,
0x0000013192419e30, 0x0000013192978500, 0x00000131927efdf0, 0x00000131928fcfd0,
0x000001319226c080, 0x000001318d2ae3e0, 0x000001318d2add50, 0x000001318d2af100,
0x000001318d2aea70, 0x0000013193219760, 0x0000013193219df0, 0x00000131932190d0,
0x000001319321b1a0, 0x000001319321b830, 0x0000013193218a40, 0x000001319321a480,
0x000001319321bec0, 0x000001319321ab10, 0x0000013195a884b0, 0x0000013195a8da00,
0x0000013195a8d370, 0x0000013195a87e20, 0x0000013195a8b2a0, 0x0000013195a8bfc0,
0x0000013195a89ef0, 0x0000013197a5baf0, 0x0000013196c3edb0, 0x0000013196c45d40,
0x0000013196c40e80, 0x0000013196c41ba0, 0x0000013196c435e0, 0x0000013196c43c70,
0x0000013196c44300, 0x0000013196c3f440, 0x0000013196c456b0, 0x0000013196c463d0,
0x0000013196c44990, 0x0000013196c3fad0, 0x0000013196c407f0, 0x0000013197a58d00,
0x0000013197a5a0b0, 0x0000013197a5a740, 0x0000013197a5b460, 0x0000013197a5c810,
0x0000013197a5cea0, 0x0000013197a5d530, 0x0000013197a565a0, 0x0000013197a56c30,
0x0000013197a57fe0, 0x0000013197a59390, 0x0000013197a59a20, 0x0000013195a7f2f0
}

Java Threads: ( => current thread )
  0x00000131366a4d70 JavaThread "main"                              [_thread_blocked, id=24764, stack(0x0000001ef2d00000,0x0000001ef2e00000) (1024K)]
  0x00000131367443c0 JavaThread "Reference Handler"          daemon [_thread_blocked, id=9496, stack(0x0000001ef3100000,0x0000001ef3200000) (1024K)]
  0x000001314aa8d630 JavaThread "Finalizer"                  daemon [_thread_blocked, id=1100, stack(0x0000001ef3200000,0x0000001ef3300000) (1024K)]
  0x0000013136746d30 JavaThread "Signal Dispatcher"          daemon [_thread_blocked, id=15424, stack(0x0000001ef3300000,0x0000001ef3400000) (1024K)]
  0x0000013136747c40 JavaThread "Attach Listener"            daemon [_thread_blocked, id=8208, stack(0x0000001ef3400000,0x0000001ef3500000) (1024K)]
  0x000001313674baf0 JavaThread "Service Thread"             daemon [_thread_blocked, id=9544, stack(0x0000001ef3500000,0x0000001ef3600000) (1024K)]
  0x000001313674f050 JavaThread "Monitor Deflation Thread"   daemon [_thread_blocked, id=4624, stack(0x0000001ef3600000,0x0000001ef3700000) (1024K)]
=>0x0000013136753380 JavaThread "C2 CompilerThread0"         daemon [_thread_in_native, id=26832, stack(0x0000001ef3700000,0x0000001ef3800000) (1024K)]
  0x0000013136757ed0 JavaThread "C1 CompilerThread0"         daemon [_thread_blocked, id=11308, stack(0x0000001ef3800000,0x0000001ef3900000) (1024K)]
  0x0000013136713f00 JavaThread "Common-Cleaner"             daemon [_thread_blocked, id=4052, stack(0x0000001ef3900000,0x0000001ef3a00000) (1024K)]
  0x000001318d2dcc00 JavaThread "Notification Thread"        daemon [_thread_blocked, id=14536, stack(0x0000001ef3b00000,0x0000001ef3c00000) (1024K)]
  0x0000013192734680 JavaThread "Active Thread: Equinox Container: 0cd89f84-8e95-417b-b068-df7a504e878a"        [_thread_blocked, id=4616, stack(0x0000001ef4300000,0x0000001ef4400000) (1024K)]
  0x0000013192419e30 JavaThread "Refresh Thread: Equinox Container: 0cd89f84-8e95-417b-b068-df7a504e878a" daemon [_thread_blocked, id=16812, stack(0x0000001ef3a00000,0x0000001ef3b00000) (1024K)]
  0x0000013192978500 JavaThread "Framework Event Dispatcher: Equinox Container: 0cd89f84-8e95-417b-b068-df7a504e878a" daemon [_thread_blocked, id=27520, stack(0x0000001ef4400000,0x0000001ef4500000) (1024K)]
  0x00000131927efdf0 JavaThread "Start Level: Equinox Container: 0cd89f84-8e95-417b-b068-df7a504e878a" daemon [_thread_blocked, id=17368, stack(0x0000001ef4500000,0x0000001ef4600000) (1024K)]
  0x00000131928fcfd0 JavaThread "Bundle File Closer"         daemon [_thread_blocked, id=18468, stack(0x0000001ef4700000,0x0000001ef4800000) (1024K)]
  0x000001319226c080 JavaThread "SCR Component Actor"        daemon [_thread_blocked, id=21904, stack(0x0000001ef4900000,0x0000001ef4a00000) (1024K)]
  0x000001318d2ae3e0 JavaThread "Worker-JM"                         [_thread_blocked, id=25536, stack(0x0000001ef4c00000,0x0000001ef4d00000) (1024K)]
  0x000001318d2add50 JavaThread "JNA Cleaner"                daemon [_thread_blocked, id=21456, stack(0x0000001ef4d00000,0x0000001ef4e00000) (1024K)]
  0x000001318d2af100 JavaThread "Worker-1"                          [_thread_blocked, id=13124, stack(0x0000001ef4f00000,0x0000001ef5000000) (1024K)]
  0x000001318d2aea70 JavaThread "Java indexing"              daemon [_thread_in_native, id=12564, stack(0x0000001ef5100000,0x0000001ef5200000) (1024K)]
  0x0000013193219760 JavaThread "Thread-2"                   daemon [_thread_in_native, id=4804, stack(0x0000001ef5400000,0x0000001ef5500000) (1024K)]
  0x0000013193219df0 JavaThread "Thread-3"                   daemon [_thread_in_native, id=28172, stack(0x0000001ef5500000,0x0000001ef5600000) (1024K)]
  0x00000131932190d0 JavaThread "Thread-4"                   daemon [_thread_in_native, id=9004, stack(0x0000001ef5600000,0x0000001ef5700000) (1024K)]
  0x000001319321b1a0 JavaThread "Thread-5"                   daemon [_thread_in_native, id=20764, stack(0x0000001ef5700000,0x0000001ef5800000) (1024K)]
  0x000001319321b830 JavaThread "Thread-6"                   daemon [_thread_in_native, id=25612, stack(0x0000001ef5800000,0x0000001ef5900000) (1024K)]
  0x0000013193218a40 JavaThread "Thread-7"                   daemon [_thread_in_native, id=8536, stack(0x0000001ef5900000,0x0000001ef5a00000) (1024K)]
  0x000001319321a480 JavaThread "Thread-8"                   daemon [_thread_in_native, id=5692, stack(0x0000001ef5a00000,0x0000001ef5b00000) (1024K)]
  0x000001319321bec0 JavaThread "Thread-9"                   daemon [_thread_in_native, id=24348, stack(0x0000001ef5b00000,0x0000001ef5c00000) (1024K)]
  0x000001319321ab10 JavaThread "Thread-10"                  daemon [_thread_in_native, id=17816, stack(0x0000001ef5c00000,0x0000001ef5d00000) (1024K)]
  0x0000013195a884b0 JavaThread "Thread-11"                  daemon [_thread_in_native, id=29440, stack(0x0000001ef5d00000,0x0000001ef5e00000) (1024K)]
  0x0000013195a8da00 JavaThread "Thread-12"                  daemon [_thread_in_native, id=2740, stack(0x0000001ef5e00000,0x0000001ef5f00000) (1024K)]
  0x0000013195a8d370 JavaThread "Thread-13"                  daemon [_thread_in_native, id=27268, stack(0x0000001ef5f00000,0x0000001ef6000000) (1024K)]
  0x0000013195a87e20 JavaThread "Thread-14"                  daemon [_thread_in_native, id=26616, stack(0x0000001ef6000000,0x0000001ef6100000) (1024K)]
  0x0000013195a8b2a0 JavaThread "pool-2-thread-1"                   [_thread_blocked, id=14772, stack(0x0000001ef6100000,0x0000001ef6200000) (1024K)]
  0x0000013195a8bfc0 JavaThread "WorkspaceEventsHandler"            [_thread_blocked, id=15412, stack(0x0000001ef6300000,0x0000001ef6400000) (1024K)]
  0x0000013195a89ef0 JavaThread "pool-1-thread-1"                   [_thread_blocked, id=12444, stack(0x0000001ef6400000,0x0000001ef6500000) (1024K)]
  0x0000013197a5baf0 JavaThread "Timer-0"                           [_thread_blocked, id=10528, stack(0x0000001ef8600000,0x0000001ef8700000) (1024K)]
  0x0000013196c3edb0 JavaThread "Worker-6"                          [_thread_blocked, id=25888, stack(0x0000001ef2a00000,0x0000001ef2b00000) (1024K)]
  0x0000013196c45d40 JavaThread "LocalFile Deleter"          daemon [_thread_blocked, id=6532, stack(0x0000001ef2b00000,0x0000001ef2c00000) (1024K)]
  0x0000013196c40e80 JavaThread "LocalFile Deleter"          daemon [_thread_blocked, id=24572, stack(0x0000001ef2c00000,0x0000001ef2d00000) (1024K)]
  0x0000013196c41ba0 JavaThread "LocalFile Deleter"          daemon [_thread_blocked, id=25432, stack(0x0000001ef4a00000,0x0000001ef4b00000) (1024K)]
  0x0000013196c435e0 JavaThread "LocalFile Deleter"          daemon [_thread_blocked, id=4484, stack(0x0000001ef4b00000,0x0000001ef4c00000) (1024K)]
  0x0000013196c43c70 JavaThread "LocalFile Deleter"          daemon [_thread_blocked, id=13044, stack(0x0000001ef4e00000,0x0000001ef4f00000) (1024K)]
  0x0000013196c44300 JavaThread "Worker-8: Java indexing... "        [_thread_blocked, id=29668, stack(0x0000001ef5000000,0x0000001ef5100000) (1024K)]
  0x0000013196c3f440 JavaThread "Worker-9"                          [_thread_blocked, id=27596, stack(0x0000001ef5200000,0x0000001ef5300000) (1024K)]
  0x0000013196c456b0 JavaThread "Compiler Source File Reader" daemon [_thread_blocked, id=28448, stack(0x0000001ef5300000,0x0000001ef5400000) (1024K)]
  0x0000013196c463d0 JavaThread "LocalFile Deleter"          daemon [_thread_blocked, id=13736, stack(0x0000001ef6200000,0x0000001ef6300000) (1024K)]
  0x0000013196c44990 JavaThread "LocalFile Deleter"          daemon [_thread_blocked, id=8520, stack(0x0000001ef6500000,0x0000001ef6600000) (1024K)]
  0x0000013196c3fad0 JavaThread "LocalFile Deleter"          daemon [_thread_blocked, id=3076, stack(0x0000001ef6600000,0x0000001ef6700000) (1024K)]
  0x0000013196c407f0 JavaThread "LocalFile Deleter"          daemon [_thread_blocked, id=18928, stack(0x0000001ef6700000,0x0000001ef6800000) (1024K)]
  0x0000013197a58d00 JavaThread "LocalFile Deleter"          daemon [_thread_blocked, id=10828, stack(0x0000001ef6800000,0x0000001ef6900000) (1024K)]
  0x0000013197a5a0b0 JavaThread "LocalFile Deleter"          daemon [_thread_blocked, id=21584, stack(0x0000001ef6900000,0x0000001ef6a00000) (1024K)]
  0x0000013197a5a740 JavaThread "LocalFile Deleter"          daemon [_thread_blocked, id=7524, stack(0x0000001ef6a00000,0x0000001ef6b00000) (1024K)]
  0x0000013197a5b460 JavaThread "Compiler Source File Reader" daemon [_thread_blocked, id=22636, stack(0x0000001ef6c00000,0x0000001ef6d00000) (1024K)]
  0x0000013197a5c810 JavaThread "Compiler Source File Reader" daemon [_thread_blocked, id=17144, stack(0x0000001ef6d00000,0x0000001ef6e00000) (1024K)]
  0x0000013197a5cea0 JavaThread "Compiler Source File Reader" daemon [_thread_blocked, id=6896, stack(0x0000001ef6e00000,0x0000001ef6f00000) (1024K)]
  0x0000013197a5d530 JavaThread "Compiler Source File Reader" daemon [_thread_blocked, id=19544, stack(0x0000001ef6f00000,0x0000001ef7000000) (1024K)]
  0x0000013197a565a0 JavaThread "Compiler Source File Reader" daemon [_thread_blocked, id=10424, stack(0x0000001ef7000000,0x0000001ef7100000) (1024K)]
  0x0000013197a56c30 JavaThread "Compiler Source File Reader" daemon [_thread_blocked, id=20784, stack(0x0000001ef7100000,0x0000001ef7200000) (1024K)]
  0x0000013197a57fe0 JavaThread "Compiler Source File Reader" daemon [_thread_blocked, id=28608, stack(0x0000001ef7200000,0x0000001ef7300000) (1024K)]
  0x0000013197a59390 JavaThread "Compiler Source File Reader" daemon [_thread_blocked, id=20980, stack(0x0000001ef7300000,0x0000001ef7400000) (1024K)]
  0x0000013197a59a20 JavaThread "Compiler Source File Reader" daemon [_thread_blocked, id=14812, stack(0x0000001ef7400000,0x0000001ef7500000) (1024K)]
  0x0000013195a7f2f0 JavaThread "C2 CompilerThread1"         daemon [_thread_in_native, id=16932, stack(0x0000001ef6b00000,0x0000001ef6c00000) (1024K)]
Total: 64

Other Threads:
  0x000001314aa76940 VMThread "VM Thread"                           [id=9536, stack(0x0000001ef3000000,0x0000001ef3100000) (1024K)]
  0x000001314a96ca00 WatcherThread "VM Periodic Task Thread"        [id=13248, stack(0x0000001ef2f00000,0x0000001ef3000000) (1024K)]
  0x00000131366c5030 WorkerThread "GC Thread#0"                     [id=19348, stack(0x0000001ef2e00000,0x0000001ef2f00000) (1024K)]
  0x000001319273a5a0 WorkerThread "GC Thread#1"                     [id=25516, stack(0x0000001ef3d00000,0x0000001ef3e00000) (1024K)]
  0x00000131925e91f0 WorkerThread "GC Thread#2"                     [id=24408, stack(0x0000001ef3e00000,0x0000001ef3f00000) (1024K)]
  0x00000131925e9590 WorkerThread "GC Thread#3"                     [id=25384, stack(0x0000001ef3f00000,0x0000001ef4000000) (1024K)]
  0x00000131925e9930 WorkerThread "GC Thread#4"                     [id=7984, stack(0x0000001ef4000000,0x0000001ef4100000) (1024K)]
  0x00000131925e9cd0 WorkerThread "GC Thread#5"                     [id=29352, stack(0x0000001ef4100000,0x0000001ef4200000) (1024K)]
  0x00000131925ea070 WorkerThread "GC Thread#6"                     [id=22280, stack(0x0000001ef4200000,0x0000001ef4300000) (1024K)]
  0x0000013192960910 WorkerThread "GC Thread#7"                     [id=14520, stack(0x0000001ef3c00000,0x0000001ef3d00000) (1024K)]
  0x0000013192a54570 WorkerThread "GC Thread#8"                     [id=27464, stack(0x0000001ef4600000,0x0000001ef4700000) (1024K)]
  0x0000013192a54910 WorkerThread "GC Thread#9"                     [id=3100, stack(0x0000001ef4800000,0x0000001ef4900000) (1024K)]
Total: 12

Threads with active compile tasks:
C2 CompilerThread0  8666791 15284       4       org.eclipse.jdt.internal.compiler.parser.Parser::consumeRule (7755 bytes)
C2 CompilerThread1  8666791 15289       4       org.eclipse.jdt.internal.compiler.classfmt.ModuleInfo::readModuleAttribute (1166 bytes)
Total: 2

VM state: not at safepoint (normal execution)

VM Mutex/Monitor currently owned by a thread: None

Heap address: 0x00000000c0000000, size: 1024 MB, Compressed Oops mode: 32-bit

CDS archive(s) mapped at: [0x000001314b000000-0x000001314bba0000-0x000001314bba0000), size 12189696, SharedBaseAddress: 0x000001314b000000, ArchiveRelocationMode: 1.
Compressed class space mapped at: 0x000001314c000000-0x000001318c000000, reserved size: 1073741824
Narrow klass base: 0x000001314b000000, Narrow klass shift: 0, Narrow klass range: 0x100000000

GC Precious Log:
 CardTable entry size: 512
 CPUs: 12 total, 12 available
 Memory: 10085M
 Large Page Support: Disabled
 NUMA Support: Disabled
 Compressed Oops: Enabled (32-bit)
 Alignments: Space 512K, Generation 512K, Heap 2M
 Heap Min Capacity: 100M
 Heap Initial Capacity: 100M
 Heap Max Capacity: 1G
 Pre-touch: Disabled
 Parallel Workers: 10

Heap:
 PSYoungGen      total 8704K, used 7350K [0x00000000eab00000, 0x00000000eb580000, 0x0000000100000000)
  eden space 7680K, 82% used [0x00000000eab00000,0x00000000eb1317a8,0x00000000eb280000)
  from space 1024K, 98% used [0x00000000eb480000,0x00000000eb57c158,0x00000000eb580000)
  to   space 1536K, 0% used [0x00000000eb280000,0x00000000eb280000,0x00000000eb400000)
 ParOldGen       total 142336K, used 141948K [0x00000000c0000000, 0x00000000c8b00000, 0x00000000eab00000)
  object space 142336K, 99% used [0x00000000c0000000,0x00000000c8a9f1e8,0x00000000c8b00000)
 Metaspace       used 70343K, committed 71936K, reserved 1114112K
  class space    used 7385K, committed 8128K, reserved 1048576K

Card table byte_map: [0x0000013136050000,0x0000013136260000] _byte_map_base: 0x0000013135a50000

Marking Bits: (ParMarkBitMap*) 0x00007ffc6be53260
 Begin Bits: [0x0000013148890000, 0x0000013149890000)
 End Bits:   [0x0000013149890000, 0x000001314a890000)

Polling page: 0x0000013134580000

Metaspace:

Usage:
  Non-class:     61.48 MB used.
      Class:      7.21 MB used.
       Both:     68.69 MB used.

Virtual space:
  Non-class space:       64.00 MB reserved,      62.31 MB ( 97%) committed,  1 nodes.
      Class space:        1.00 GB reserved,       7.94 MB ( <1%) committed,  1 nodes.
             Both:        1.06 GB reserved,      70.25 MB (  6%) committed. 

Chunk freelists:
   Non-Class:  1.70 MB
       Class:  8.22 MB
        Both:  9.92 MB

MaxMetaspaceSize: unlimited
CompressedClassSpaceSize: 1.00 GB
Initial GC threshold: 21.00 MB
Current GC threshold: 117.12 MB
CDS: on
 - commit_granule_bytes: 65536.
 - commit_granule_words: 8192.
 - virtual_space_node_default_size: 8388608.
 - enlarge_chunks_in_place: 1.
 - use_allocation_guard: 0.


Internal statistics:

num_allocs_failed_limit: 10.
num_arena_births: 1308.
num_arena_deaths: 430.
num_vsnodes_births: 2.
num_vsnodes_deaths: 0.
num_space_committed: 1124.
num_space_uncommitted: 0.
num_chunks_returned_to_freelist: 469.
num_chunks_taken_from_freelist: 4491.
num_chunk_merges: 127.
num_chunk_splits: 2840.
num_chunks_enlarged: 1798.
num_inconsistent_stats: 0.

CodeHeap 'non-profiled nmethods': size=120000Kb used=9364Kb max_used=11173Kb free=110636Kb
 bounds [0x0000013141360000, 0x0000013141e50000, 0x0000013148890000]
CodeHeap 'profiled nmethods': size=120000Kb used=19468Kb max_used=26473Kb free=100531Kb
 bounds [0x0000013139890000, 0x000001313b270000, 0x0000013140dc0000]
CodeHeap 'non-nmethods': size=5760Kb used=1441Kb max_used=1516Kb free=4318Kb
 bounds [0x0000013140dc0000, 0x0000013141030000, 0x0000013141360000]
 total_blobs=9550 nmethods=8801 adapters=652
 compilation: enabled
              stopped_count=0, restarted_count=0
 full_count=0

Compilation events (20 events):
Event: 8664.630 Thread 0x0000013195a7f2f0 15270       4       org.eclipse.jdt.internal.compiler.lookup.MethodScope::referenceMethod (20 bytes)
Event: 8664.630 Thread 0x0000013195a7f2f0 nmethod 15270 0x000001314146d210 code [0x000001314146d3a0, 0x000001314146d470]
Event: 8664.630 Thread 0x0000013195a7f2f0 15264       4       org.eclipse.jdt.internal.compiler.lookup.PackageBinding::hasType0Any (28 bytes)
Event: 8664.633 Thread 0x0000013195a7f2f0 nmethod 15264 0x0000013141556b90 code [0x0000013141556d80, 0x00000131415573e0]
Event: 8664.633 Thread 0x0000013195a7f2f0 15256       4       org.eclipse.jdt.internal.compiler.lookup.ModuleBinding$$Lambda/0x000001314c602ec0::apply (12 bytes)
Event: 8664.634 Thread 0x0000013195a7f2f0 nmethod 15256 0x0000013141a82d90 code [0x0000013141a82f20, 0x0000013141a83018]
Event: 8664.634 Thread 0x0000013136753380 nmethod 15261 0x0000013141c0d510 code [0x0000013141c0d720, 0x0000013141c0dc48]
Event: 8666.247 Thread 0x0000013136753380 15279       4       org.eclipse.jdt.internal.compiler.SourceElementParser::getTypeReference (765 bytes)
Event: 8666.247 Thread 0x0000013195a7f2f0 15280       4       org.eclipse.jdt.internal.core.search.indexing.SourceIndexerRequestor::acceptTypeReference (9 bytes)
Event: 8666.254 Thread 0x0000013195a7f2f0 nmethod 15280 0x0000013141664010 code [0x0000013141664200, 0x0000013141664988]
Event: 8666.304 Thread 0x0000013136753380 nmethod 15279 0x00000131413f0190 code [0x00000131413f0640, 0x00000131413f35c0]
Event: 8666.472 Thread 0x0000013195a7f2f0 15281       4       org.eclipse.core.internal.resources.ProjectPreferences::nodeExists (124 bytes)
Event: 8666.472 Thread 0x0000013136757ed0 15282  s    3       org.eclipse.core.internal.content.ContentTypeCatalog::internalFindContentTypesSorted (418 bytes)
Event: 8666.474 Thread 0x0000013136753380 15284       4       org.eclipse.jdt.internal.compiler.parser.Parser::consumeRule (7755 bytes)
Event: 8666.475 Thread 0x0000013136757ed0 nmethod 15282 0x000001313a2e5490 code [0x000001313a2e5ac0, 0x000001313a2e9770]
Event: 8666.475 Thread 0x0000013136757ed0 15285       3       org.eclipse.jdt.internal.compiler.SourceElementNotifier::hasDeprecatedAnnotation (52 bytes)
Event: 8666.475 Thread 0x0000013136757ed0 nmethod 15285 0x0000013139bc4810 code [0x0000013139bc4a00, 0x0000013139bc4df0]
Event: 8666.475 Thread 0x0000013136757ed0 15283   !   3       org.eclipse.jdt.internal.compiler.parser.Parser::$SWITCH_TABLE$org$eclipse$jdt$internal$compiler$parser$Parser$CaseLabelKind (61 bytes)
Event: 8666.475 Thread 0x0000013136757ed0 nmethod 15283 0x000001313a5a8f90 code [0x000001313a5a9160, 0x000001313a5a9500]
Event: 8666.488 Thread 0x0000013195a7f2f0 nmethod 15281 0x0000013141416890 code [0x0000013141416c20, 0x0000013141418100]

GC Heap History (20 events):
Event: 8660.970 GC heap before
{Heap before GC invocations=3330 (full 7):
 PSYoungGen      total 9728K, used 9724K [0x00000000eab00000, 0x00000000ec980000, 0x0000000100000000)
  eden space 3072K, 99% used [0x00000000eab00000,0x00000000eadff078,0x00000000eae00000)
  from space 6656K, 100% used [0x00000000eb900000,0x00000000ebf80000,0x00000000ebf80000)
  to   space 11264K, 0% used [0x00000000eae00000,0x00000000eae00000,0x00000000eb900000)
 ParOldGen       total 141824K, used 126211K [0x00000000c0000000, 0x00000000c8a80000, 0x00000000eab00000)
  object space 141824K, 88% used [0x00000000c0000000,0x00000000c7b40e80,0x00000000c8a80000)
 Metaspace       used 70132K, committed 71936K, reserved 1114112K
  class space    used 7377K, committed 8128K, reserved 1048576K
}
Event: 8661.074 GC heap after
{Heap after GC invocations=3330 (full 7):
 PSYoungGen      total 6656K, used 3168K [0x00000000eab00000, 0x00000000ebb00000, 0x0000000100000000)
  eden space 3072K, 0% used [0x00000000eab00000,0x00000000eab00000,0x00000000eae00000)
  from space 3584K, 88% used [0x00000000eae00000,0x00000000eb118000,0x00000000eb180000)
  to   space 6144K, 0% used [0x00000000eb500000,0x00000000eb500000,0x00000000ebb00000)
 ParOldGen       total 141824K, used 132987K [0x00000000c0000000, 0x00000000c8a80000, 0x00000000eab00000)
  object space 141824K, 93% used [0x00000000c0000000,0x00000000c81dee80,0x00000000c8a80000)
 Metaspace       used 70132K, committed 71936K, reserved 1114112K
  class space    used 7377K, committed 8128K, reserved 1048576K
}
Event: 8661.101 GC heap before
{Heap before GC invocations=3331 (full 7):
 PSYoungGen      total 6656K, used 6155K [0x00000000eab00000, 0x00000000ebb00000, 0x0000000100000000)
  eden space 3072K, 97% used [0x00000000eab00000,0x00000000eadeacd0,0x00000000eae00000)
  from space 3584K, 88% used [0x00000000eae00000,0x00000000eb118000,0x00000000eb180000)
  to   space 6144K, 0% used [0x00000000eb500000,0x00000000eb500000,0x00000000ebb00000)
 ParOldGen       total 141824K, used 132987K [0x00000000c0000000, 0x00000000c8a80000, 0x00000000eab00000)
  object space 141824K, 93% used [0x00000000c0000000,0x00000000c81dee80,0x00000000c8a80000)
 Metaspace       used 70134K, committed 71936K, reserved 1114112K
  class space    used 7377K, committed 8128K, reserved 1048576K
}
Event: 8661.155 GC heap after
{Heap after GC invocations=3331 (full 7):
 PSYoungGen      total 5632K, used 1464K [0x00000000eab00000, 0x00000000eb680000, 0x0000000100000000)
  eden space 4096K, 0% used [0x00000000eab00000,0x00000000eab00000,0x00000000eaf00000)
  from space 1536K, 95% used [0x00000000eb500000,0x00000000eb66e000,0x00000000eb680000)
  to   space 2560K, 0% used [0x00000000eb180000,0x00000000eb180000,0x00000000eb400000)
 ParOldGen       total 141824K, used 136027K [0x00000000c0000000, 0x00000000c8a80000, 0x00000000eab00000)
  object space 141824K, 95% used [0x00000000c0000000,0x00000000c84d6e80,0x00000000c8a80000)
 Metaspace       used 70134K, committed 71936K, reserved 1114112K
  class space    used 7377K, committed 8128K, reserved 1048576K
}
Event: 8661.903 GC heap before
{Heap before GC invocations=3332 (full 7):
 PSYoungGen      total 5632K, used 5560K [0x00000000eab00000, 0x00000000eb680000, 0x0000000100000000)
  eden space 4096K, 100% used [0x00000000eab00000,0x00000000eaf00000,0x00000000eaf00000)
  from space 1536K, 95% used [0x00000000eb500000,0x00000000eb66e000,0x00000000eb680000)
  to   space 2560K, 0% used [0x00000000eb180000,0x00000000eb180000,0x00000000eb400000)
 ParOldGen       total 141824K, used 136027K [0x00000000c0000000, 0x00000000c8a80000, 0x00000000eab00000)
  object space 141824K, 95% used [0x00000000c0000000,0x00000000c84d6e80,0x00000000c8a80000)
 Metaspace       used 70154K, committed 71936K, reserved 1114112K
  class space    used 7378K, committed 8128K, reserved 1048576K
}
Event: 8661.933 GC heap after
{Heap after GC invocations=3332 (full 7):
 PSYoungGen      total 7680K, used 2160K [0x00000000eab00000, 0x00000000eb580000, 0x0000000100000000)
  eden space 5120K, 0% used [0x00000000eab00000,0x00000000eab00000,0x00000000eb000000)
  from space 2560K, 84% used [0x00000000eb180000,0x00000000eb39c020,0x00000000eb400000)
  to   space 1536K, 0% used [0x00000000eb400000,0x00000000eb400000,0x00000000eb580000)
 ParOldGen       total 141824K, used 136923K [0x00000000c0000000, 0x00000000c8a80000, 0x00000000eab00000)
  object space 141824K, 96% used [0x00000000c0000000,0x00000000c85b6e80,0x00000000c8a80000)
 Metaspace       used 70154K, committed 71936K, reserved 1114112K
  class space    used 7378K, committed 8128K, reserved 1048576K
}
Event: 8662.032 GC heap before
{Heap before GC invocations=3333 (full 7):
 PSYoungGen      total 7680K, used 7280K [0x00000000eab00000, 0x00000000eb580000, 0x0000000100000000)
  eden space 5120K, 100% used [0x00000000eab00000,0x00000000eb000000,0x00000000eb000000)
  from space 2560K, 84% used [0x00000000eb180000,0x00000000eb39c020,0x00000000eb400000)
  to   space 1536K, 0% used [0x00000000eb400000,0x00000000eb400000,0x00000000eb580000)
 ParOldGen       total 141824K, used 136923K [0x00000000c0000000, 0x00000000c8a80000, 0x00000000eab00000)
  object space 141824K, 96% used [0x00000000c0000000,0x00000000c85b6e80,0x00000000c8a80000)
 Metaspace       used 70206K, committed 71936K, reserved 1114112K
  class space    used 7381K, committed 8128K, reserved 1048576K
}
Event: 8662.078 GC heap after
{Heap after GC invocations=3333 (full 7):
 PSYoungGen      total 7680K, used 1264K [0x00000000eab00000, 0x00000000eb580000, 0x0000000100000000)
  eden space 6144K, 0% used [0x00000000eab00000,0x00000000eab00000,0x00000000eb100000)
  from space 1536K, 82% used [0x00000000eb400000,0x00000000eb53c010,0x00000000eb580000)
  to   space 2048K, 0% used [0x00000000eb180000,0x00000000eb180000,0x00000000eb380000)
 ParOldGen       total 141824K, used 138955K [0x00000000c0000000, 0x00000000c8a80000, 0x00000000eab00000)
  object space 141824K, 97% used [0x00000000c0000000,0x00000000c87b2ea0,0x00000000c8a80000)
 Metaspace       used 70206K, committed 71936K, reserved 1114112K
  class space    used 7381K, committed 8128K, reserved 1048576K
}
Event: 8662.781 GC heap before
{Heap before GC invocations=3334 (full 7):
 PSYoungGen      total 7680K, used 7408K [0x00000000eab00000, 0x00000000eb580000, 0x0000000100000000)
  eden space 6144K, 100% used [0x00000000eab00000,0x00000000eb100000,0x00000000eb100000)
  from space 1536K, 82% used [0x00000000eb400000,0x00000000eb53c010,0x00000000eb580000)
  to   space 2048K, 0% used [0x00000000eb180000,0x00000000eb180000,0x00000000eb380000)
 ParOldGen       total 141824K, used 138955K [0x00000000c0000000, 0x00000000c8a80000, 0x00000000eab00000)
  object space 141824K, 97% used [0x00000000c0000000,0x00000000c87b2ea0,0x00000000c8a80000)
 Metaspace       used 70223K, committed 71936K, reserved 1114112K
  class space    used 7381K, committed 8128K, reserved 1048576K
}
Event: 8662.788 GC heap after
{Heap after GC invocations=3334 (full 7):
 PSYoungGen      total 8704K, used 674K [0x00000000eab00000, 0x00000000eb480000, 0x0000000100000000)
  eden space 6656K, 0% used [0x00000000eab00000,0x00000000eab00000,0x00000000eb180000)
  from space 2048K, 32% used [0x00000000eb180000,0x00000000eb228848,0x00000000eb380000)
  to   space 1024K, 0% used [0x00000000eb380000,0x00000000eb380000,0x00000000eb480000)
 ParOldGen       total 141824K, used 139275K [0x00000000c0000000, 0x00000000c8a80000, 0x00000000eab00000)
  object space 141824K, 98% used [0x00000000c0000000,0x00000000c8802ea0,0x00000000c8a80000)
 Metaspace       used 70223K, committed 71936K, reserved 1114112K
  class space    used 7381K, committed 8128K, reserved 1048576K
}
Event: 8663.137 GC heap before
{Heap before GC invocations=3335 (full 7):
 PSYoungGen      total 8704K, used 7330K [0x00000000eab00000, 0x00000000eb480000, 0x0000000100000000)
  eden space 6656K, 100% used [0x00000000eab00000,0x00000000eb180000,0x00000000eb180000)
  from space 2048K, 32% used [0x00000000eb180000,0x00000000eb228848,0x00000000eb380000)
  to   space 1024K, 0% used [0x00000000eb380000,0x00000000eb380000,0x00000000eb480000)
 ParOldGen       total 141824K, used 139275K [0x00000000c0000000, 0x00000000c8a80000, 0x00000000eab00000)
  object space 141824K, 98% used [0x00000000c0000000,0x00000000c8802ea0,0x00000000c8a80000)
 Metaspace       used 70254K, committed 71936K, reserved 1114112K
  class space    used 7382K, committed 8128K, reserved 1048576K
}
Event: 8663.140 GC heap after
{Heap after GC invocations=3335 (full 7):
 PSYoungGen      total 8704K, used 631K [0x00000000eab00000, 0x00000000eb500000, 0x0000000100000000)
  eden space 7680K, 0% used [0x00000000eab00000,0x00000000eab00000,0x00000000eb280000)
  from space 1024K, 61% used [0x00000000eb380000,0x00000000eb41de70,0x00000000eb480000)
  to   space 1024K, 0% used [0x00000000eb280000,0x00000000eb280000,0x00000000eb380000)
 ParOldGen       total 141824K, used 139680K [0x00000000c0000000, 0x00000000c8a80000, 0x00000000eab00000)
  object space 141824K, 98% used [0x00000000c0000000,0x00000000c8868020,0x00000000c8a80000)
 Metaspace       used 70254K, committed 71936K, reserved 1114112K
  class space    used 7382K, committed 8128K, reserved 1048576K
}
Event: 8663.260 GC heap before
{Heap before GC invocations=3336 (full 7):
 PSYoungGen      total 8704K, used 8311K [0x00000000eab00000, 0x00000000eb500000, 0x0000000100000000)
  eden space 7680K, 100% used [0x00000000eab00000,0x00000000eb280000,0x00000000eb280000)
  from space 1024K, 61% used [0x00000000eb380000,0x00000000eb41de70,0x00000000eb480000)
  to   space 1024K, 0% used [0x00000000eb280000,0x00000000eb280000,0x00000000eb380000)
 ParOldGen       total 141824K, used 139680K [0x00000000c0000000, 0x00000000c8a80000, 0x00000000eab00000)
  object space 141824K, 98% used [0x00000000c0000000,0x00000000c8868020,0x00000000c8a80000)
 Metaspace       used 70259K, committed 71936K, reserved 1114112K
  class space    used 7382K, committed 8128K, reserved 1048576K
}
Event: 8663.264 GC heap after
{Heap after GC invocations=3336 (full 7):
 PSYoungGen      total 8704K, used 1024K [0x00000000eab00000, 0x00000000eb680000, 0x0000000100000000)
  eden space 7680K, 0% used [0x00000000eab00000,0x00000000eab00000,0x00000000eb280000)
  from space 1024K, 100% used [0x00000000eb280000,0x00000000eb380000,0x00000000eb380000)
  to   space 2048K, 0% used [0x00000000eb480000,0x00000000eb480000,0x00000000eb680000)
 ParOldGen       total 141824K, used 140341K [0x00000000c0000000, 0x00000000c8a80000, 0x00000000eab00000)
  object space 141824K, 98% used [0x00000000c0000000,0x00000000c890d5d0,0x00000000c8a80000)
 Metaspace       used 70259K, committed 71936K, reserved 1114112K
  class space    used 7382K, committed 8128K, reserved 1048576K
}
Event: 8663.607 GC heap before
{Heap before GC invocations=3337 (full 7):
 PSYoungGen      total 8704K, used 8704K [0x00000000eab00000, 0x00000000eb680000, 0x0000000100000000)
  eden space 7680K, 100% used [0x00000000eab00000,0x00000000eb280000,0x00000000eb280000)
  from space 1024K, 100% used [0x00000000eb280000,0x00000000eb380000,0x00000000eb380000)
  to   space 2048K, 0% used [0x00000000eb480000,0x00000000eb480000,0x00000000eb680000)
 ParOldGen       total 141824K, used 140341K [0x00000000c0000000, 0x00000000c8a80000, 0x00000000eab00000)
  object space 141824K, 98% used [0x00000000c0000000,0x00000000c890d5d0,0x00000000c8a80000)
 Metaspace       used 70280K, committed 71936K, reserved 1114112K
  class space    used 7382K, committed 8128K, reserved 1048576K
}
Event: 8663.613 GC heap after
{Heap after GC invocations=3337 (full 7):
 PSYoungGen      total 9216K, used 1087K [0x00000000eab00000, 0x00000000eb600000, 0x0000000100000000)
  eden space 7680K, 0% used [0x00000000eab00000,0x00000000eab00000,0x00000000eb280000)
  from space 1536K, 70% used [0x00000000eb480000,0x00000000eb58fc18,0x00000000eb600000)
  to   space 1536K, 0% used [0x00000000eb300000,0x00000000eb300000,0x00000000eb480000)
 ParOldGen       total 141824K, used 141385K [0x00000000c0000000, 0x00000000c8a80000, 0x00000000eab00000)
  object space 141824K, 99% used [0x00000000c0000000,0x00000000c8a127f8,0x00000000c8a80000)
 Metaspace       used 70280K, committed 71936K, reserved 1114112K
  class space    used 7382K, committed 8128K, reserved 1048576K
}
Event: 8663.864 GC heap before
{Heap before GC invocations=3338 (full 7):
 PSYoungGen      total 9216K, used 8767K [0x00000000eab00000, 0x00000000eb600000, 0x0000000100000000)
  eden space 7680K, 100% used [0x00000000eab00000,0x00000000eb280000,0x00000000eb280000)
  from space 1536K, 70% used [0x00000000eb480000,0x00000000eb58fc18,0x00000000eb600000)
  to   space 1536K, 0% used [0x00000000eb300000,0x00000000eb300000,0x00000000eb480000)
 ParOldGen       total 141824K, used 141385K [0x00000000c0000000, 0x00000000c8a80000, 0x00000000eab00000)
  object space 141824K, 99% used [0x00000000c0000000,0x00000000c8a127f8,0x00000000c8a80000)
 Metaspace       used 70291K, committed 71936K, reserved 1114112K
  class space    used 7383K, committed 8128K, reserved 1048576K
}
Event: 8663.869 GC heap after
{Heap after GC invocations=3338 (full 7):
 PSYoungGen      total 9216K, used 1045K [0x00000000eab00000, 0x00000000eb580000, 0x0000000100000000)
  eden space 7680K, 0% used [0x00000000eab00000,0x00000000eab00000,0x00000000eb280000)
  from space 1536K, 68% used [0x00000000eb300000,0x00000000eb405610,0x00000000eb480000)
  to   space 1024K, 0% used [0x00000000eb480000,0x00000000eb480000,0x00000000eb580000)
 ParOldGen       total 141824K, used 141691K [0x00000000c0000000, 0x00000000c8a80000, 0x00000000eab00000)
  object space 141824K, 99% used [0x00000000c0000000,0x00000000c8a5ee88,0x00000000c8a80000)
 Metaspace       used 70291K, committed 71936K, reserved 1114112K
  class space    used 7383K, committed 8128K, reserved 1048576K
}
Event: 8664.152 GC heap before
{Heap before GC invocations=3339 (full 7):
 PSYoungGen      total 9216K, used 8725K [0x00000000eab00000, 0x00000000eb580000, 0x0000000100000000)
  eden space 7680K, 100% used [0x00000000eab00000,0x00000000eb280000,0x00000000eb280000)
  from space 1536K, 68% used [0x00000000eb300000,0x00000000eb405610,0x00000000eb480000)
  to   space 1024K, 0% used [0x00000000eb480000,0x00000000eb480000,0x00000000eb580000)
 ParOldGen       total 141824K, used 141691K [0x00000000c0000000, 0x00000000c8a80000, 0x00000000eab00000)
  object space 141824K, 99% used [0x00000000c0000000,0x00000000c8a5ee88,0x00000000c8a80000)
 Metaspace       used 70326K, committed 71936K, reserved 1114112K
  class space    used 7385K, committed 8128K, reserved 1048576K
}
Event: 8664.160 GC heap after
{Heap after GC invocations=3339 (full 7):
 PSYoungGen      total 8704K, used 1008K [0x00000000eab00000, 0x00000000eb580000, 0x0000000100000000)
  eden space 7680K, 0% used [0x00000000eab00000,0x00000000eab00000,0x00000000eb280000)
  from space 1024K, 98% used [0x00000000eb480000,0x00000000eb57c158,0x00000000eb580000)
  to   space 1536K, 0% used [0x00000000eb280000,0x00000000eb280000,0x00000000eb400000)
 ParOldGen       total 142336K, used 141948K [0x00000000c0000000, 0x00000000c8b00000, 0x00000000eab00000)
  object space 142336K, 99% used [0x00000000c0000000,0x00000000c8a9f1e8,0x00000000c8b00000)
 Metaspace       used 70326K, committed 71936K, reserved 1114112K
  class space    used 7385K, committed 8128K, reserved 1048576K
}

Dll operation events (13 events):
Event: 0.011 Loaded shared library c:\Users\BHUMI GUPTA\.vscode\extensions\redhat.java-1.41.1-win32-x64\jre\21.0.6-win32-x86_64\bin\java.dll
Event: 0.103 Loaded shared library c:\Users\BHUMI GUPTA\.vscode\extensions\redhat.java-1.41.1-win32-x64\jre\21.0.6-win32-x86_64\bin\zip.dll
Event: 0.129 Loaded shared library C:\Users\BHUMI GUPTA\.vscode\extensions\redhat.java-1.41.1-win32-x64\jre\21.0.6-win32-x86_64\bin\instrument.dll
Event: 0.135 Loaded shared library C:\Users\BHUMI GUPTA\.vscode\extensions\redhat.java-1.41.1-win32-x64\jre\21.0.6-win32-x86_64\bin\net.dll
Event: 0.137 Loaded shared library C:\Users\BHUMI GUPTA\.vscode\extensions\redhat.java-1.41.1-win32-x64\jre\21.0.6-win32-x86_64\bin\nio.dll
Event: 0.141 Loaded shared library C:\Users\BHUMI GUPTA\.vscode\extensions\redhat.java-1.41.1-win32-x64\jre\21.0.6-win32-x86_64\bin\zip.dll
Event: 0.164 Loaded shared library C:\Users\BHUMI GUPTA\.vscode\extensions\redhat.java-1.41.1-win32-x64\jre\21.0.6-win32-x86_64\bin\jimage.dll
Event: 0.264 Loaded shared library c:\Users\BHUMI GUPTA\.vscode\extensions\redhat.java-1.41.1-win32-x64\jre\21.0.6-win32-x86_64\bin\verify.dll
Event: 7.707 Loaded shared library C:\Users\BHUMI GUPTA\AppData\Roaming\Code\User\globalStorage\redhat.java\1.41.1\config_win\org.eclipse.equinox.launcher\org.eclipse.equinox.launcher.win32.win32.x86_64_1.2.1300.v20250331-1702\eclipse_11911.dll
Event: 19.907 Loaded shared library C:\Users\BHUMI GUPTA\AppData\Local\Temp\jna--513566374\jna12541416533216680061.dll
Event: 64.031 Loaded shared library C:\Users\BHUMI GUPTA\.gradle\native\1def1411415f61bf3af743bc5b6707747c0891f09f0c88961ee8f79bc544acac\windows-amd64\native-platform.dll
Event: 84.135 Loaded shared library C:\Users\BHUMI GUPTA\.vscode\extensions\redhat.java-1.41.1-win32-x64\jre\21.0.6-win32-x86_64\bin\management.dll
Event: 84.141 Loaded shared library C:\Users\BHUMI GUPTA\.vscode\extensions\redhat.java-1.41.1-win32-x64\jre\21.0.6-win32-x86_64\bin\management_ext.dll

Deoptimization events (20 events):
Event: 8666.472 Thread 0x000001318d2aea70 Uncommon trap: trap_request=0xffffff6e fr.pc=0x00000131413f2870 relative=0x0000000000002230
Event: 8666.472 Thread 0x000001318d2aea70 Uncommon trap: reason=loop_limit_check action=maybe_recompile pc=0x00000131413f2870 method=org.eclipse.jdt.internal.compiler.SourceElementParser.getTypeReference(I)Lorg/eclipse/jdt/internal/compiler/ast/TypeReference; @ 760 c2
Event: 8666.472 Thread 0x000001318d2aea70 DEOPT PACKING pc=0x00000131413f2870 sp=0x0000001ef51fefd0
Event: 8666.472 Thread 0x000001318d2aea70 DEOPT UNPACKING pc=0x0000013140e13aa2 sp=0x0000001ef51fefb0 mode 2
Event: 8666.474 Thread 0x000001318d2aea70 Uncommon trap: trap_request=0xffffffde fr.pc=0x0000013141d8e0ec relative=0x0000000000001d0c
Event: 8666.474 Thread 0x000001318d2aea70 Uncommon trap: reason=class_check action=maybe_recompile pc=0x0000013141d8e0ec method=org.eclipse.jdt.internal.compiler.parser.Parser.consumeRule(I)V @ 6618 c2
Event: 8666.474 Thread 0x000001318d2aea70 DEOPT PACKING pc=0x0000013141d8e0ec sp=0x0000001ef51ff0f0
Event: 8666.474 Thread 0x000001318d2aea70 DEOPT UNPACKING pc=0x0000013140e13aa2 sp=0x0000001ef51ff080 mode 2
Event: 8666.474 Thread 0x000001318d2aea70 Uncommon trap: trap_request=0xffffffde fr.pc=0x0000013141d8e0b4 relative=0x0000000000001cd4
Event: 8666.474 Thread 0x000001318d2aea70 Uncommon trap: reason=class_check action=maybe_recompile pc=0x0000013141d8e0b4 method=org.eclipse.jdt.internal.compiler.parser.Parser.consumeRule(I)V @ 6611 c2
Event: 8666.474 Thread 0x000001318d2aea70 DEOPT PACKING pc=0x0000013141d8e0b4 sp=0x0000001ef51ff0f0
Event: 8666.474 Thread 0x000001318d2aea70 DEOPT UNPACKING pc=0x0000013140e13aa2 sp=0x0000001ef51ff080 mode 2
Event: 8666.474 Thread 0x000001318d2aea70 Uncommon trap: trap_request=0xffffffde fr.pc=0x0000013141d8db78 relative=0x0000000000001798
Event: 8666.474 Thread 0x000001318d2aea70 Uncommon trap: reason=class_check action=maybe_recompile pc=0x0000013141d8db78 method=org.eclipse.jdt.internal.compiler.parser.Parser.consumeRule(I)V @ 6688 c2
Event: 8666.474 Thread 0x000001318d2aea70 DEOPT PACKING pc=0x0000013141d8db78 sp=0x0000001ef51ff0f0
Event: 8666.474 Thread 0x000001318d2aea70 DEOPT UNPACKING pc=0x0000013140e13aa2 sp=0x0000001ef51ff080 mode 2
Event: 8666.474 Thread 0x000001318d2aea70 Uncommon trap: trap_request=0xffffffde fr.pc=0x0000013141d8db78 relative=0x0000000000001798
Event: 8666.474 Thread 0x000001318d2aea70 Uncommon trap: reason=class_check action=maybe_recompile pc=0x0000013141d8db78 method=org.eclipse.jdt.internal.compiler.parser.Parser.consumeRule(I)V @ 6688 c2
Event: 8666.474 Thread 0x000001318d2aea70 DEOPT PACKING pc=0x0000013141d8db78 sp=0x0000001ef51ff0f0
Event: 8666.474 Thread 0x000001318d2aea70 DEOPT UNPACKING pc=0x0000013140e13aa2 sp=0x0000001ef51ff080 mode 2

Classes loaded (20 events):
Event: 418.512 Loading class java/util/AbstractList$RandomAccessSubList
Event: 418.514 Loading class java/util/AbstractList$SubList
Event: 418.514 Loading class java/util/AbstractList$SubList done
Event: 418.514 Loading class java/util/AbstractList$RandomAccessSubList done
Event: 418.514 Loading class java/util/AbstractList$SubList$1
Event: 418.515 Loading class java/util/AbstractList$SubList$1 done
Event: 418.583 Loading class java/nio/charset/CharacterCodingException
Event: 418.584 Loading class java/nio/charset/CharacterCodingException done
Event: 418.584 Loading class java/io/SequenceInputStream
Event: 418.584 Loading class java/io/SequenceInputStream done
Event: 8342.523 Loading class java/lang/Throwable$WrappedPrintWriter
Event: 8342.528 Loading class java/lang/Throwable$PrintStreamOrWriter
Event: 8342.529 Loading class java/lang/Throwable$PrintStreamOrWriter done
Event: 8342.535 Loading class java/lang/Throwable$WrappedPrintWriter done
Event: 8644.399 Loading class java/util/ArrayDeque$DeqSpliterator
Event: 8644.406 Loading class java/util/ArrayDeque$DeqSpliterator done
Event: 8644.469 Loading class java/util/concurrent/ConcurrentHashMap$EntrySpliterator
Event: 8644.471 Loading class java/util/concurrent/ConcurrentHashMap$EntrySpliterator done
Event: 8662.016 Loading class java/lang/invoke/MethodHandleImpl$CountingWrapper$1
Event: 8662.019 Loading class java/lang/invoke/MethodHandleImpl$CountingWrapper$1 done

Classes unloaded (20 events):
Event: 8658.009 Thread 0x000001314aa76940 Unloading class 0x000001314c018400 'java/lang/invoke/LambdaForm$MH+0x000001314c018400'
Event: 8658.009 Thread 0x000001314aa76940 Unloading class 0x000001314c00d800 'java/lang/invoke/LambdaForm$MH+0x000001314c00d800'
Event: 8658.009 Thread 0x000001314aa76940 Unloading class 0x000001314c00d400 'java/lang/invoke/LambdaForm$MH+0x000001314c00d400'
Event: 8658.009 Thread 0x000001314aa76940 Unloading class 0x000001314c00d000 'java/lang/invoke/LambdaForm$MH+0x000001314c00d000'
Event: 8658.009 Thread 0x000001314aa76940 Unloading class 0x000001314c00cc00 'java/lang/invoke/LambdaForm$MH+0x000001314c00cc00'
Event: 8658.009 Thread 0x000001314aa76940 Unloading class 0x000001314c00c800 'java/lang/invoke/LambdaForm$BMH+0x000001314c00c800'
Event: 8658.009 Thread 0x000001314aa76940 Unloading class 0x000001314c00c000 'java/lang/invoke/LambdaForm$DMH+0x000001314c00c000'
Event: 8658.009 Thread 0x000001314aa76940 Unloading class 0x000001314c008400 'java/lang/invoke/LambdaForm$MH+0x000001314c008400'
Event: 8658.009 Thread 0x000001314aa76940 Unloading class 0x000001314c008000 'java/lang/invoke/LambdaForm$MH+0x000001314c008000'
Event: 8658.009 Thread 0x000001314aa76940 Unloading class 0x000001314c007c00 'java/lang/invoke/LambdaForm$MH+0x000001314c007c00'
Event: 8658.009 Thread 0x000001314aa76940 Unloading class 0x000001314c006800 'java/lang/invoke/LambdaForm$MH+0x000001314c006800'
Event: 8658.009 Thread 0x000001314aa76940 Unloading class 0x000001314c006400 'java/lang/invoke/LambdaForm$MH+0x000001314c006400'
Event: 8658.009 Thread 0x000001314aa76940 Unloading class 0x000001314c006000 'java/lang/invoke/LambdaForm$MH+0x000001314c006000'
Event: 8658.009 Thread 0x000001314aa76940 Unloading class 0x000001314c005c00 'java/lang/invoke/LambdaForm$MH+0x000001314c005c00'
Event: 8658.009 Thread 0x000001314aa76940 Unloading class 0x000001314c005400 'java/lang/invoke/LambdaForm$BMH+0x000001314c005400'
Event: 8658.009 Thread 0x000001314aa76940 Unloading class 0x000001314c004000 'java/lang/invoke/LambdaForm$DMH+0x000001314c004000'
Event: 8658.009 Thread 0x000001314aa76940 Unloading class 0x000001314c002400 'java/lang/invoke/LambdaForm$MH+0x000001314c002400'
Event: 8658.009 Thread 0x000001314aa76940 Unloading class 0x000001314c002000 'java/lang/invoke/LambdaForm$MH+0x000001314c002000'
Event: 8658.009 Thread 0x000001314aa76940 Unloading class 0x000001314c001800 'java/lang/invoke/LambdaForm$MH+0x000001314c001800'
Event: 8658.009 Thread 0x000001314aa76940 Unloading class 0x000001314c000400 'java/lang/invoke/LambdaForm$MH+0x000001314c000400'

Classes redefined (0 events):
No events

Internal exceptions (20 events):
Event: 8662.032 Thread 0x0000013197a5d530 Exception <a 'sun/nio/fs/WindowsException'{0x00000000eaff2ab8}> (0x00000000eaff2ab8) 
thrown [s\src\hotspot\share\prims\jni.cpp, line 520]
Event: 8662.079 Thread 0x0000013197a5b460 Exception <a 'sun/nio/fs/WindowsException'{0x00000000eab34968}> (0x00000000eab34968) 
thrown [s\src\hotspot\share\prims\jni.cpp, line 520]
Event: 8662.079 Thread 0x0000013197a57fe0 Exception <a 'sun/nio/fs/WindowsException'{0x00000000eab62708}> (0x00000000eab62708) 
thrown [s\src\hotspot\share\prims\jni.cpp, line 520]
Event: 8662.080 Thread 0x0000013197a5cea0 Exception <a 'sun/nio/fs/WindowsException'{0x00000000eab96c08}> (0x00000000eab96c08) 
thrown [s\src\hotspot\share\prims\jni.cpp, line 520]
Event: 8662.080 Thread 0x0000013197a5cea0 Exception <a 'sun/nio/fs/WindowsException'{0x00000000eaba0f40}> (0x00000000eaba0f40) 
thrown [s\src\hotspot\share\prims\jni.cpp, line 520]
Event: 8662.081 Thread 0x0000013197a59a20 Exception <a 'sun/nio/fs/WindowsException'{0x00000000eabc1d40}> (0x00000000eabc1d40) 
thrown [s\src\hotspot\share\prims\jni.cpp, line 520]
Event: 8662.081 Thread 0x0000013197a56c30 Exception <a 'sun/nio/fs/WindowsException'{0x00000000eabca6c0}> (0x00000000eabca6c0) 
thrown [s\src\hotspot\share\prims\jni.cpp, line 520]
Event: 8662.083 Thread 0x000001318d2af100 Exception <a 'sun/nio/fs/WindowsException'{0x00000000eac298d0}> (0x00000000eac298d0) 
thrown [s\src\hotspot\share\prims\jni.cpp, line 520]
Event: 8662.083 Thread 0x000001318d2af100 Exception <a 'sun/nio/fs/WindowsException'{0x00000000eac29fa8}> (0x00000000eac29fa8) 
thrown [s\src\hotspot\share\prims\jni.cpp, line 520]
Event: 8662.094 Thread 0x000001318d2aea70 Implicit null exception at 0x000001314142e864 to 0x000001314142eb28
Event: 8662.102 Thread 0x000001318d2aea70 Implicit null exception at 0x000001314141ab7b to 0x000001314141abd8
Event: 8662.120 Thread 0x000001318d2aea70 Exception <a 'sun/nio/fs/WindowsException'{0x00000000eae11bb0}> (0x00000000eae11bb0) 
thrown [s\src\hotspot\share\prims\jni.cpp, line 520]
Event: 8662.120 Thread 0x000001318d2aea70 Exception <a 'sun/nio/fs/WindowsException'{0x00000000eae14670}> (0x00000000eae14670) 
thrown [s\src\hotspot\share\prims\jni.cpp, line 520]
Event: 8662.120 Thread 0x000001318d2aea70 Exception <a 'sun/nio/fs/WindowsException'{0x00000000eae17520}> (0x00000000eae17520) 
thrown [s\src\hotspot\share\prims\jni.cpp, line 520]
Event: 8662.120 Thread 0x000001318d2aea70 Exception <a 'sun/nio/fs/WindowsException'{0x00000000eae1a090}> (0x00000000eae1a090) 
thrown [s\src\hotspot\share\prims\jni.cpp, line 520]
Event: 8662.120 Thread 0x000001318d2aea70 Exception <a 'sun/nio/fs/WindowsException'{0x00000000eae1cb30}> (0x00000000eae1cb30) 
thrown [s\src\hotspot\share\prims\jni.cpp, line 520]
Event: 8662.120 Thread 0x000001318d2aea70 Exception <a 'sun/nio/fs/WindowsException'{0x00000000eae1f4d0}> (0x00000000eae1f4d0) 
thrown [s\src\hotspot\share\prims\jni.cpp, line 520]
Event: 8662.120 Thread 0x000001318d2aea70 Exception <a 'sun/nio/fs/WindowsException'{0x00000000eae21e38}> (0x00000000eae21e38) 
thrown [s\src\hotspot\share\prims\jni.cpp, line 520]
Event: 8662.121 Thread 0x000001318d2aea70 Exception <a 'sun/nio/fs/WindowsException'{0x00000000eae249a0}> (0x00000000eae249a0) 
thrown [s\src\hotspot\share\prims\jni.cpp, line 520]
Event: 8662.121 Thread 0x000001318d2aea70 Exception <a 'sun/nio/fs/WindowsException'{0x00000000eae271b0}> (0x00000000eae271b0) 
thrown [s\src\hotspot\share\prims\jni.cpp, line 520]

ZGC Phase Switch (0 events):
No events

VM Operations (20 events):
Event: 8661.091 Executing VM operation: ParallelGCFailedAllocation (Allocation Failure)
Event: 8661.155 Executing VM operation: ParallelGCFailedAllocation (Allocation Failure) done
Event: 8661.903 Executing VM operation: ParallelGCFailedAllocation (Allocation Failure)
Event: 8661.933 Executing VM operation: ParallelGCFailedAllocation (Allocation Failure) done
Event: 8662.032 Executing VM operation: ParallelGCFailedAllocation (Allocation Failure)
Event: 8662.078 Executing VM operation: ParallelGCFailedAllocation (Allocation Failure) done
Event: 8662.781 Executing VM operation: ParallelGCFailedAllocation (Allocation Failure)
Event: 8662.788 Executing VM operation: ParallelGCFailedAllocation (Allocation Failure) done
Event: 8663.136 Executing VM operation: ParallelGCFailedAllocation (Allocation Failure)
Event: 8663.140 Executing VM operation: ParallelGCFailedAllocation (Allocation Failure) done
Event: 8663.260 Executing VM operation: ParallelGCFailedAllocation (Allocation Failure)
Event: 8663.264 Executing VM operation: ParallelGCFailedAllocation (Allocation Failure) done
Event: 8663.607 Executing VM operation: ParallelGCFailedAllocation (Allocation Failure)
Event: 8663.613 Executing VM operation: ParallelGCFailedAllocation (Allocation Failure) done
Event: 8663.864 Executing VM operation: ParallelGCFailedAllocation (Allocation Failure)
Event: 8663.869 Executing VM operation: ParallelGCFailedAllocation (Allocation Failure) done
Event: 8664.152 Executing VM operation: ParallelGCFailedAllocation (Allocation Failure)
Event: 8664.160 Executing VM operation: ParallelGCFailedAllocation (Allocation Failure) done
Event: 8665.167 Executing VM operation: Cleanup
Event: 8665.167 Executing VM operation: Cleanup done

Memory protections (0 events):
No events

Nmethod flushes (20 events):
Event: 8659.032 Thread 0x000001314aa76940 flushing  nmethod 0x000001313b18e690
Event: 8659.032 Thread 0x000001314aa76940 flushing  nmethod 0x000001313b191910
Event: 8659.032 Thread 0x000001314aa76940 flushing  nmethod 0x000001313b19bb90
Event: 8659.032 Thread 0x000001314aa76940 flushing  nmethod 0x000001313b1a2b90
Event: 8659.032 Thread 0x000001314aa76940 flushing  nmethod 0x000001313b1a3610
Event: 8659.032 Thread 0x000001314aa76940 flushing  nmethod 0x000001313b1a6690
Event: 8659.032 Thread 0x000001314aa76940 flushing  nmethod 0x000001313b1a6b10
Event: 8659.032 Thread 0x000001314aa76940 flushing  nmethod 0x000001313b1b8d10
Event: 8659.033 Thread 0x000001314aa76940 flushing  nmethod 0x000001313b1bcf10
Event: 8659.033 Thread 0x000001314aa76940 flushing  nmethod 0x000001313b1c6510
Event: 8659.033 Thread 0x000001314aa76940 flushing  nmethod 0x000001313b1c6d90
Event: 8659.033 Thread 0x000001314aa76940 flushing  nmethod 0x000001313b1c7910
Event: 8659.033 Thread 0x000001314aa76940 flushing  nmethod 0x000001313b1d2710
Event: 8659.033 Thread 0x000001314aa76940 flushing osr nmethod 0x000001313b1fed10
Event: 8659.033 Thread 0x000001314aa76940 flushing  nmethod 0x000001313b21dd90
Event: 8659.033 Thread 0x000001314aa76940 flushing osr nmethod 0x000001313b24ae10
Event: 8659.033 Thread 0x000001314aa76940 flushing osr nmethod 0x000001313b24eb90
Event: 8659.033 Thread 0x000001314aa76940 flushing  nmethod 0x000001313b250810
Event: 8659.033 Thread 0x000001314aa76940 flushing  nmethod 0x000001313b250b90
Event: 8659.033 Thread 0x000001314aa76940 flushing  nmethod 0x000001313b251110

Events (20 events):
Event: 8655.729 Thread 0x0000013196c44300 Thread added: 0x0000013196c456b0
Event: 8660.513 Thread 0x0000013196c40e80 Thread added: 0x0000013196c463d0
Event: 8660.514 Thread 0x0000013196c40e80 Thread added: 0x0000013196c44990
Event: 8660.515 Thread 0x0000013196c45d40 Thread added: 0x0000013196c3fad0
Event: 8660.515 Thread 0x0000013196c43c70 Thread added: 0x0000013196c407f0
Event: 8660.516 Thread 0x0000013196c40e80 Thread added: 0x0000013197a58d00
Event: 8660.516 Thread 0x0000013196c3fad0 Thread added: 0x0000013197a5a0b0
Event: 8660.516 Thread 0x0000013196c41ba0 Thread added: 0x0000013197a5a740
Event: 8660.601 Thread 0x0000013136757ed0 Thread added: 0x0000013195a7b5a0
Event: 8660.674 Thread 0x000001318d2af100 Thread added: 0x0000013197a5b460
Event: 8660.674 Thread 0x000001318d2af100 Thread added: 0x0000013197a5c810
Event: 8660.674 Thread 0x000001318d2af100 Thread added: 0x0000013197a5cea0
Event: 8660.675 Thread 0x000001318d2af100 Thread added: 0x0000013197a5d530
Event: 8660.675 Thread 0x000001318d2af100 Thread added: 0x0000013197a565a0
Event: 8660.676 Thread 0x000001318d2af100 Thread added: 0x0000013197a56c30
Event: 8660.676 Thread 0x0000013197a5c810 Thread added: 0x0000013197a57fe0
Event: 8660.677 Thread 0x0000013197a5cea0 Thread added: 0x0000013197a59390
Event: 8660.677 Thread 0x0000013197a5d530 Thread added: 0x0000013197a59a20
Event: 8661.851 Thread 0x0000013195a7b5a0 Thread exited: 0x0000013195a7b5a0
Event: 8662.246 Thread 0x0000013136757ed0 Thread added: 0x0000013195a7f2f0


Dynamic libraries:
0x00007ff68d5c0000 - 0x00007ff68d5ce000 	c:\Users\BHUMI GUPTA\.vscode\extensions\redhat.java-1.41.1-win32-x64\jre\21.0.6-win32-x86_64\bin\java.exe
0x00007ffcdc1b0000 - 0x00007ffcdc3c7000 	C:\WINDOWS\SYSTEM32\ntdll.dll
0x00007ffcda3e0000 - 0x00007ffcda4a4000 	C:\WINDOWS\System32\KERNEL32.DLL
0x00007ffcd9a70000 - 0x00007ffcd9e43000 	C:\WINDOWS\System32\KERNELBASE.dll
0x00007ffcd98d0000 - 0x00007ffcd99e1000 	C:\WINDOWS\System32\ucrtbase.dll
0x00007ffcafbf0000 - 0x00007ffcafc08000 	c:\Users\BHUMI GUPTA\.vscode\extensions\redhat.java-1.41.1-win32-x64\jre\21.0.6-win32-x86_64\bin\jli.dll
0x00007ffcdb4a0000 - 0x00007ffcdb651000 	C:\WINDOWS\System32\USER32.dll
0x00007ffcd98a0000 - 0x00007ffcd98c6000 	C:\WINDOWS\System32\win32u.dll
0x00007ffcda280000 - 0x00007ffcda2a9000 	C:\WINDOWS\System32\GDI32.dll
0x00007ffcd94a0000 - 0x00007ffcd95bb000 	C:\WINDOWS\System32\gdi32full.dll
0x00007ffcd9400000 - 0x00007ffcd949a000 	C:\WINDOWS\System32\msvcp_win.dll
0x00007ffc9fbf0000 - 0x00007ffc9fc0e000 	c:\Users\BHUMI GUPTA\.vscode\extensions\redhat.java-1.41.1-win32-x64\jre\21.0.6-win32-x86_64\bin\VCRUNTIME140.dll
0x00007ffcc3770000 - 0x00007ffcc3a08000 	C:\WINDOWS\WinSxS\amd64_microsoft.windows.common-controls_6595b64144ccf1df_6.0.22621.5124_none_270e8f4f7386d69d\COMCTL32.dll
0x00007ffcdbb00000 - 0x00007ffcdbba7000 	C:\WINDOWS\System32\msvcrt.dll
0x00007ffcdb020000 - 0x00007ffcdb051000 	C:\WINDOWS\System32\IMM32.DLL
0x00007ffccdb80000 - 0x00007ffccdb8c000 	c:\Users\BHUMI GUPTA\.vscode\extensions\redhat.java-1.41.1-win32-x64\jre\21.0.6-win32-x86_64\bin\vcruntime140_1.dll
0x00007ffc72b90000 - 0x00007ffc72c1d000 	c:\Users\BHUMI GUPTA\.vscode\extensions\redhat.java-1.41.1-win32-x64\jre\21.0.6-win32-x86_64\bin\msvcp140.dll
0x00007ffc6b1a0000 - 0x00007ffc6bf30000 	c:\Users\BHUMI GUPTA\.vscode\extensions\redhat.java-1.41.1-win32-x64\jre\21.0.6-win32-x86_64\bin\server\jvm.dll
0x00007ffcdb3d0000 - 0x00007ffcdb481000 	C:\WINDOWS\System32\ADVAPI32.dll
0x00007ffcdc0c0000 - 0x00007ffcdc168000 	C:\WINDOWS\System32\sechost.dll
0x00007ffcd9870000 - 0x00007ffcd9898000 	C:\WINDOWS\System32\bcrypt.dll
0x00007ffcda2c0000 - 0x00007ffcda3d4000 	C:\WINDOWS\System32\RPCRT4.dll
0x00007ffcdbe60000 - 0x00007ffcdbed1000 	C:\WINDOWS\System32\WS2_32.dll
0x00007ffcd9190000 - 0x00007ffcd91dd000 	C:\WINDOWS\SYSTEM32\POWRPROF.dll
0x00007ffcd5040000 - 0x00007ffcd5074000 	C:\WINDOWS\SYSTEM32\WINMM.dll
0x00007ffcd5290000 - 0x00007ffcd529a000 	C:\WINDOWS\SYSTEM32\VERSION.dll
0x00007ffcd9170000 - 0x00007ffcd9183000 	C:\WINDOWS\SYSTEM32\UMPDC.dll
0x00007ffcd82f0000 - 0x00007ffcd8308000 	C:\WINDOWS\SYSTEM32\kernel.appcore.dll
0x00007ffcc8c40000 - 0x00007ffcc8c4a000 	c:\Users\BHUMI GUPTA\.vscode\extensions\redhat.java-1.41.1-win32-x64\jre\21.0.6-win32-x86_64\bin\jimage.dll
0x00007ffcd2fb0000 - 0x00007ffcd31e2000 	C:\WINDOWS\SYSTEM32\DBGHELP.DLL
0x00007ffcd9ee0000 - 0x00007ffcda272000 	C:\WINDOWS\System32\combase.dll
0x00007ffcdbd10000 - 0x00007ffcdbde7000 	C:\WINDOWS\System32\OLEAUT32.dll
0x00007ffcc7640000 - 0x00007ffcc7672000 	C:\WINDOWS\SYSTEM32\dbgcore.DLL
0x00007ffcd99f0000 - 0x00007ffcd9a6b000 	C:\WINDOWS\System32\bcryptPrimitives.dll
0x00007ffcc5880000 - 0x00007ffcc588f000 	c:\Users\BHUMI GUPTA\.vscode\extensions\redhat.java-1.41.1-win32-x64\jre\21.0.6-win32-x86_64\bin\instrument.dll
0x00007ffc824d0000 - 0x00007ffc824ef000 	c:\Users\BHUMI GUPTA\.vscode\extensions\redhat.java-1.41.1-win32-x64\jre\21.0.6-win32-x86_64\bin\java.dll
0x00007ffcda780000 - 0x00007ffcdb016000 	C:\WINDOWS\System32\SHELL32.dll
0x00007ffcd92c0000 - 0x00007ffcd93ff000 	C:\WINDOWS\System32\wintypes.dll
0x00007ffcd71e0000 - 0x00007ffcd7afa000 	C:\WINDOWS\SYSTEM32\windows.storage.dll
0x00007ffcdb060000 - 0x00007ffcdb16a000 	C:\WINDOWS\System32\SHCORE.dll
0x00007ffcd9e70000 - 0x00007ffcd9ed3000 	C:\WINDOWS\System32\shlwapi.dll
0x00007ffcd91f0000 - 0x00007ffcd921b000 	C:\WINDOWS\SYSTEM32\profapi.dll
0x00007ffc7c0e0000 - 0x00007ffc7c0f8000 	c:\Users\BHUMI GUPTA\.vscode\extensions\redhat.java-1.41.1-win32-x64\jre\21.0.6-win32-x86_64\bin\zip.dll
0x00007ffcc3420000 - 0x00007ffcc3430000 	C:\Users\BHUMI GUPTA\.vscode\extensions\redhat.java-1.41.1-win32-x64\jre\21.0.6-win32-x86_64\bin\net.dll
0x00007ffcd4f10000 - 0x00007ffcd503c000 	C:\WINDOWS\SYSTEM32\WINHTTP.dll
0x00007ffcd8770000 - 0x00007ffcd87da000 	C:\WINDOWS\system32\mswsock.dll
0x00007ffc79490000 - 0x00007ffc794a6000 	C:\Users\BHUMI GUPTA\.vscode\extensions\redhat.java-1.41.1-win32-x64\jre\21.0.6-win32-x86_64\bin\nio.dll
0x00007ffcbfdb0000 - 0x00007ffcbfdc0000 	c:\Users\BHUMI GUPTA\.vscode\extensions\redhat.java-1.41.1-win32-x64\jre\21.0.6-win32-x86_64\bin\verify.dll
0x00007ffc71d50000 - 0x00007ffc71d95000 	C:\Users\BHUMI GUPTA\AppData\Roaming\Code\User\globalStorage\redhat.java\1.41.1\config_win\org.eclipse.equinox.launcher\org.eclipse.equinox.launcher.win32.win32.x86_64_1.2.1300.v20250331-1702\eclipse_11911.dll
0x00007ffcdb220000 - 0x00007ffcdb3c1000 	C:\WINDOWS\System32\ole32.dll
0x00007ffcd89d0000 - 0x00007ffcd89eb000 	C:\WINDOWS\SYSTEM32\CRYPTSP.dll
0x00007ffcd8250000 - 0x00007ffcd8287000 	C:\WINDOWS\system32\rsaenh.dll
0x00007ffcd8860000 - 0x00007ffcd8888000 	C:\WINDOWS\SYSTEM32\USERENV.dll
0x00007ffcd89c0000 - 0x00007ffcd89cc000 	C:\WINDOWS\SYSTEM32\CRYPTBASE.dll
0x00007ffcd7d60000 - 0x00007ffcd7d8d000 	C:\WINDOWS\SYSTEM32\IPHLPAPI.DLL
0x00007ffcdb490000 - 0x00007ffcdb499000 	C:\WINDOWS\System32\NSI.dll
0x00007ffc71ab0000 - 0x00007ffc71af9000 	C:\Users\BHUMI GUPTA\AppData\Local\Temp\jna--513566374\jna12541416533216680061.dll
0x00007ffcdbbb0000 - 0x00007ffcdbbb8000 	C:\WINDOWS\System32\PSAPI.DLL
0x00007ffcd5080000 - 0x00007ffcd5099000 	C:\WINDOWS\SYSTEM32\dhcpcsvc6.DLL
0x00007ffcd4e10000 - 0x00007ffcd4e2f000 	C:\WINDOWS\SYSTEM32\dhcpcsvc.DLL
0x00007ffcd2c20000 - 0x00007ffcd2c47000 	C:\Users\BHUMI GUPTA\.gradle\native\1def1411415f61bf3af743bc5b6707747c0891f09f0c88961ee8f79bc544acac\windows-amd64\native-platform.dll
0x00007ffcbb060000 - 0x00007ffcbb06a000 	C:\Users\BHUMI GUPTA\.vscode\extensions\redhat.java-1.41.1-win32-x64\jre\21.0.6-win32-x86_64\bin\management.dll
0x00007ffcbaf60000 - 0x00007ffcbaf6b000 	C:\Users\BHUMI GUPTA\.vscode\extensions\redhat.java-1.41.1-win32-x64\jre\21.0.6-win32-x86_64\bin\management_ext.dll

dbghelp: loaded successfully - version: 4.0.5 - missing functions: none
symbol engine: initialized successfully - sym options: 0x614 - pdb path: .;c:\Users\BHUMI GUPTA\.vscode\extensions\redhat.java-1.41.1-win32-x64\jre\21.0.6-win32-x86_64\bin;C:\WINDOWS\SYSTEM32;C:\WINDOWS\WinSxS\amd64_microsoft.windows.common-controls_6595b64144ccf1df_6.0.22621.5124_none_270e8f4f7386d69d;c:\Users\BHUMI GUPTA\.vscode\extensions\redhat.java-1.41.1-win32-x64\jre\21.0.6-win32-x86_64\bin\server;C:\Users\BHUMI GUPTA\AppData\Roaming\Code\User\globalStorage\redhat.java\1.41.1\config_win\org.eclipse.equinox.launcher\org.eclipse.equinox.launcher.win32.win32.x86_64_1.2.1300.v20250331-1702;C:\Users\BHUMI GUPTA\AppData\Local\Temp\jna--513566374;C:\Users\BHUMI GUPTA\.gradle\native\1def1411415f61bf3af743bc5b6707747c0891f09f0c88961ee8f79bc544acac\windows-amd64

VM Arguments:
jvm_args: --add-modules=ALL-SYSTEM --add-opens=java.base/java.util=ALL-UNNAMED --add-opens=java.base/java.lang=ALL-UNNAMED --add-opens=java.base/sun.nio.fs=ALL-UNNAMED -Declipse.application=org.eclipse.jdt.ls.core.id1 -Dosgi.bundles.defaultStartLevel=4 -Declipse.product=org.eclipse.jdt.ls.core.product -Djava.import.generatesMetadataFilesAtProjectRoot=false -DDetectVMInstallationsJob.disabled=true -Dfile.encoding=utf8 -XX:+UseParallelGC -XX:GCTimeRatio=4 -XX:AdaptiveSizePolicyWeight=90 -Dsun.zip.disableMemoryMapping=true -Xmx1G -Xms100m -Xlog:disable -javaagent:c:\Users\BHUMI GUPTA\.vscode\extensions\redhat.java-1.41.1-win32-x64\lombok\lombok-1.18.36.jar -XX:+HeapDumpOnOutOfMemoryError -XX:HeapDumpPath=c:\Users\BHUMI GUPTA\AppData\Roaming\Code\User\workspaceStorage\ac1b3c9632280a6b8ca24b00c053dbed\redhat.java -Daether.dependencyCollector.impl=bf 
java_command: c:\Users\BHUMI GUPTA\.vscode\extensions\redhat.java-1.41.1-win32-x64\server\plugins\org.eclipse.equinox.launcher_1.7.0.v20250331-1702.jar -configuration c:\Users\BHUMI GUPTA\AppData\Roaming\Code\User\globalStorage\redhat.java\1.41.1\config_win -data c:\Users\BHUMI GUPTA\AppData\Roaming\Code\User\workspaceStorage\ac1b3c9632280a6b8ca24b00c053dbed\redhat.java\jdt_ws --pipe=\\.\pipe\lsp-d350bc62e6edc6a84799a0f8e6263a08-sock
java_class_path (initial): c:\Users\BHUMI GUPTA\.vscode\extensions\redhat.java-1.41.1-win32-x64\server\plugins\org.eclipse.equinox.launcher_1.7.0.v20250331-1702.jar
Launcher Type: SUN_STANDARD

[Global flags]
    uintx AdaptiveSizePolicyWeight                 = 90                                        {product} {command line}
     intx CICompilerCount                          = 4                                         {product} {ergonomic}
    uintx GCTimeRatio                              = 4                                         {product} {command line}
     bool HeapDumpOnOutOfMemoryError               = true                                   {manageable} {command line}
    ccstr HeapDumpPath                             = c:\Users\BHUMI GUPTA\AppData\Roaming\Code\User\workspaceStorage\ac1b3c9632280a6b8ca24b00c053dbed\redhat.java         {manageable} {command line}
   size_t InitialHeapSize                          = 104857600                                 {product} {command line}
   size_t MaxHeapSize                              = 1073741824                                {product} {command line}
   size_t MaxNewSize                               = 357564416                                 {product} {ergonomic}
   size_t MinHeapDeltaBytes                        = 524288                                    {product} {ergonomic}
   size_t MinHeapSize                              = 104857600                                 {product} {command line}
   size_t NewSize                                  = 34603008                                  {product} {ergonomic}
    uintx NonNMethodCodeHeapSize                   = 5839372                                {pd product} {ergonomic}
    uintx NonProfiledCodeHeapSize                  = 122909434                              {pd product} {ergonomic}
   size_t OldSize                                  = 70254592                                  {product} {ergonomic}
    uintx ProfiledCodeHeapSize                     = 122909434                              {pd product} {ergonomic}
    uintx ReservedCodeCacheSize                    = 251658240                              {pd product} {ergonomic}
     bool SegmentedCodeCache                       = true                                      {product} {ergonomic}
   size_t SoftMaxHeapSize                          = 1073741824                             {manageable} {ergonomic}
     bool UseCompressedOops                        = true                           {product lp64_product} {ergonomic}
     bool UseLargePagesIndividualAllocation        = false                                  {pd product} {ergonomic}
     bool UseParallelGC                            = true                                      {product} {command line}

Logging:
Log output configuration:
 #0: stdout all=off uptime,level,tags foldmultilines=false
 #1: stderr all=off uptime,level,tags foldmultilines=false

Environment Variables:
JAVA_HOME=C:\Program Files\Microsoft\jdk-17.0.14.7-hotspot
PATH=C:\Program Files\Microsoft\jdk-17.0.14.7-hotspot\bin;C:\Program Files\Common Files\Oracle\Java\javapath;c:\Users\BHUMI GUPTA\AppData\Local\Programs\cursor\resources\app\bin;C:\Python312\Scripts\;C:\Python312\;C:\WINDOWS\system32;C:\WINDOWS;C:\WINDOWS\System32\Wbem;C:\WINDOWS\System32\WindowsPowerShell\v1.0\;C:\WINDOWS\System32\OpenSSH\;C:\ProgramData\chocolatey\bin;C:\Program Files\dotnet\;C:\Users\BHUMI GUPTA\AppData\Local\Microsoft\WindowsApps;C:\Users\BHUMI GUPTA\AppData\Roaming\npm;C:\Users\BHUMI GUPTA\.dotnet\tools;C:\Users\BHUMI GUPTA\Downloads\katyayni_crm_2.zip (1)\katyayni_crm\lib\flutter\bin;c:\Users\BHUMI GUPTA\AppData\Local\Programs\cursor\resources\app\bin;C:\Program Files\Git\cmd;C:\Program Files\nodejs\;C:\Users\BHUMI GUPTA\AppData\Local\Android\Sdk\platforms;C:\Users\BHUMI GUPTA\AppData\Local\Android\Sdk;C:\Users\BHUMI GUPTA\AppData\Local\Android\Sdk\platform-tools;C:\Users\BHUMI GUPTA\AppData\Local\Android\Sdk\build-tools;C:\Users\BHUMI GUPTA\AppData\Local\Android\Sdk\emulator;C:\Program Files\Microsoft\jdk-17.0.14.7-hotspot\bin;C:\Users\BHUMI GUPTA\AppData\Local\Android\Sdk\ndk;C:\Program Files\Microsoft\jdk-17.0.14.7-hotspot\;C:\Program Files\Microsoft\jdk-17.0.14.7-hotspot;C:\Users\BHUMI GUPTA\AppData\Local\Microsoft\WindowsApps;C:\Users\BHUMI GUPTA\AppData\Local\Programs\Microsoft VS Code\bin;C:\Users\BHUMI GUPTA\.dotnet\tools;C:\Users\BHUMI GUPTA\Downloads\katyayni_crm_2.zip (1)\katyayni_crm\lib\flutter\bin;C:\Users\BHUMI GUPTA\AppData\Roaming\npm;C:\Users\BHUMI GUPTA\AppData\Local\Android\Sdk;C:\Users\BHUMI GUPTA\AppData\Local\Android\Sdk\platform-tools;C:\Users\BHUMI GUPTA\AppData\Local\Android\Sdk\emulator;C:\Users\BHUMI GUPTA\AppData\Local\Android\Sdk\build-tools;C:\Users\BHUMI GUPTA\AppData\Local\Android\Sdk\platforms;C:\Program Files\Microsoft\jdk-17.0.14.7-hotspot\bin;C:\Users\BHUMI GUPTA\AppData\Local\Android\Sdk\ndk;C:\Program Files\Microsoft\jdk-17.0.14.7-hotspot\;D:\cursor\resources\app\bin
USERNAME=BHUMI GUPTA
OS=Windows_NT
PROCESSOR_IDENTIFIER=AMD64 Family 23 Model 104 Stepping 1, AuthenticAMD
TMP=C:\Users\BHUMIG~1\AppData\Local\Temp
TEMP=C:\Users\BHUMIG~1\AppData\Local\Temp




Periodic native trim disabled

---------------  S Y S T E M  ---------------

OS:
 Windows 11 , 64 bit Build 22621 (10.0.22621.5124)
OS uptime: 13 days 15:00 hours

CPU: total 12 (initial active 12) (12 cores per cpu, 2 threads per core) family 23 model 104 stepping 1 microcode 0x0, cx8, cmov, fxsr, ht, mmx, 3dnowpref, sse, sse2, sse3, ssse3, sse4a, sse4.1, sse4.2, popcnt, lzcnt, tsc, tscinvbit, avx, avx2, aes, clmul, bmi1, bmi2, adx, sha, fma, vzeroupper, clflush, clflushopt, rdtscp, rdpid, f16c
Processor Information for processor 0
  Max Mhz: 2100, Current Mhz: 1988, Mhz Limit: 2100
Processor Information for processor 1
  Max Mhz: 2100, Current Mhz: 1988, Mhz Limit: 2100
Processor Information for processor 2
  Max Mhz: 2100, Current Mhz: 2100, Mhz Limit: 2100
Processor Information for processor 3
  Max Mhz: 2100, Current Mhz: 1988, Mhz Limit: 2100
Processor Information for processor 4
  Max Mhz: 2100, Current Mhz: 1988, Mhz Limit: 2100
Processor Information for processor 5
  Max Mhz: 2100, Current Mhz: 1988, Mhz Limit: 2100
Processor Information for processor 6
  Max Mhz: 2100, Current Mhz: 2100, Mhz Limit: 2100
Processor Information for processor 7
  Max Mhz: 2100, Current Mhz: 1988, Mhz Limit: 2100
Processor Information for processor 8
  Max Mhz: 2100, Current Mhz: 2100, Mhz Limit: 2100
Processor Information for processor 9
  Max Mhz: 2100, Current Mhz: 1988, Mhz Limit: 2100
Processor Information for processor 10
  Max Mhz: 2100, Current Mhz: 1988, Mhz Limit: 2100
Processor Information for processor 11
  Max Mhz: 2100, Current Mhz: 1988, Mhz Limit: 2100

Memory: 4k page, system-wide physical 10085M (780M free)
TotalPageFile size 40805M (AvailPageFile size 0M)
current process WorkingSet (physical memory assigned to process): 366M, peak: 1065M
current process commit charge ("private bytes"): 450M, peak: 997M

vm_info: OpenJDK 64-Bit Server VM (21.0.6+7-LTS) for windows-amd64 JRE (21.0.6+7-LTS), built on 2025-01-21T00:00:00Z by "admin" with MS VC++ 17.7 (VS2022)

END.
